<?xml version="1.0" encoding="UTF-8"?>
<coverage generated="1608187302179" clover="3.2.0">
  <project timestamp="1608187302180" name="All files">
    <metrics statements="130" coveredstatements="55" conditionals="28" coveredconditionals="3" methods="62" coveredmethods="25" elements="220" coveredelements="83" complexity="0" loc="130" ncloc="130" packages="1" files="3" classes="3"/>
    <file name="documentManager.ts" path="C:\code\mongo-safe\src\documentManager.ts">
      <metrics statements="59" coveredstatements="2" conditionals="24" coveredconditionals="0" methods="22" coveredmethods="0"/>
      <line num="1" count="3" type="stmt"/>
      <line num="15" count="3" type="stmt"/>
      <line num="16" count="0" type="stmt"/>
      <line num="19" count="0" type="stmt"/>
      <line num="20" count="0" type="stmt"/>
      <line num="21" count="0" type="stmt"/>
      <line num="22" count="0" type="stmt"/>
      <line num="23" count="0" type="stmt"/>
      <line num="24" count="0" type="stmt"/>
      <line num="28" count="0" type="stmt"/>
      <line num="32" count="0" type="stmt"/>
      <line num="33" count="0" type="stmt"/>
      <line num="34" count="0" type="stmt"/>
      <line num="36" count="0" type="stmt"/>
      <line num="40" count="0" type="stmt"/>
      <line num="44" count="0" type="stmt"/>
      <line num="45" count="0" type="cond" truecount="0" falsecount="4"/>
      <line num="46" count="0" type="stmt"/>
      <line num="48" count="0" type="stmt"/>
      <line num="52" count="0" type="stmt"/>
      <line num="57" count="0" type="stmt"/>
      <line num="60" count="0" type="stmt"/>
      <line num="62" count="0" type="stmt"/>
      <line num="70" count="0" type="stmt"/>
      <line num="71" count="0" type="stmt"/>
      <line num="75" count="0" type="cond" truecount="0" falsecount="2"/>
      <line num="76" count="0" type="stmt"/>
      <line num="77" count="0" type="stmt"/>
      <line num="78" count="0" type="stmt"/>
      <line num="79" count="0" type="cond" truecount="0" falsecount="4"/>
      <line num="82" count="0" type="stmt"/>
      <line num="84" count="0" type="cond" truecount="0" falsecount="4"/>
      <line num="94" count="0" type="stmt"/>
      <line num="99" count="0" type="stmt"/>
      <line num="103" count="0" type="stmt"/>
      <line num="107" count="0" type="stmt"/>
      <line num="111" count="0" type="cond" truecount="0" falsecount="2"/>
      <line num="113" count="0" type="cond" truecount="0" falsecount="2"/>
      <line num="114" count="0" type="stmt"/>
      <line num="116" count="0" type="stmt"/>
      <line num="118" count="0" type="cond" truecount="0" falsecount="2"/>
      <line num="119" count="0" type="stmt"/>
      <line num="122" count="0" type="stmt"/>
      <line num="125" count="0" type="stmt"/>
      <line num="129" count="0" type="stmt"/>
      <line num="133" count="0" type="stmt"/>
      <line num="143" count="0" type="stmt"/>
      <line num="144" count="0" type="cond" truecount="0" falsecount="2"/>
      <line num="145" count="0" type="stmt"/>
      <line num="147" count="0" type="stmt"/>
      <line num="157" count="0" type="stmt"/>
      <line num="158" count="0" type="cond" truecount="0" falsecount="2"/>
      <line num="159" count="0" type="stmt"/>
      <line num="161" count="0" type="stmt"/>
      <line num="165" count="0" type="stmt"/>
      <line num="169" count="0" type="stmt"/>
      <line num="170" count="0" type="stmt"/>
      <line num="171" count="0" type="stmt"/>
      <line num="172" count="0" type="stmt"/>
    </file>
    <file name="index.ts" path="C:\code\mongo-safe\src\index.ts">
      <metrics statements="2" coveredstatements="2" conditionals="0" coveredconditionals="0" methods="3" coveredmethods="2"/>
      <line num="2" count="8" type="stmt"/>
      <line num="3" count="3" type="stmt"/>
    </file>
    <file name="typeSafeAggregate.ts" path="C:\code\mongo-safe\src\typeSafeAggregate.ts">
      <metrics statements="69" coveredstatements="51" conditionals="4" coveredconditionals="3" methods="37" coveredmethods="23"/>
      <line num="800" count="7" type="stmt"/>
      <line num="801" count="17" type="stmt"/>
      <line num="806" count="7" type="stmt"/>
      <line num="809" count="216" type="stmt"/>
      <line num="812" count="81" type="stmt"/>
      <line num="815" count="10" type="stmt"/>
      <line num="816" count="10" type="stmt"/>
      <line num="825" count="2" type="stmt"/>
      <line num="826" count="2" type="stmt"/>
      <line num="848" count="3" type="stmt"/>
      <line num="849" count="3" type="stmt"/>
      <line num="853" count="0" type="stmt"/>
      <line num="856" count="1" type="stmt"/>
      <line num="857" count="1" type="stmt"/>
      <line num="861" count="0" type="stmt"/>
      <line num="866" count="1" type="stmt"/>
      <line num="868" count="1" type="stmt"/>
      <line num="869" count="2" type="stmt"/>
      <line num="872" count="1" type="stmt"/>
      <line num="886" count="1" type="stmt"/>
      <line num="887" count="1" type="stmt"/>
      <line num="898" count="6" type="stmt"/>
      <line num="899" count="6" type="stmt"/>
      <line num="905" count="16" type="stmt"/>
      <line num="906" count="16" type="stmt"/>
      <line num="910" count="0" type="stmt"/>
      <line num="913" count="2" type="stmt"/>
      <line num="914" count="2" type="stmt"/>
      <line num="918" count="0" type="stmt"/>
      <line num="921" count="0" type="stmt"/>
      <line num="944" count="11" type="stmt"/>
      <line num="958" count="11" type="stmt"/>
      <line num="969" count="10" type="stmt"/>
      <line num="970" count="10" type="stmt"/>
      <line num="974" count="0" type="stmt"/>
      <line num="978" count="0" type="stmt"/>
      <line num="979" count="0" type="stmt"/>
      <line num="983" count="0" type="stmt"/>
      <line num="989" count="45" type="stmt"/>
      <line num="990" count="45" type="stmt"/>
      <line num="994" count="0" type="stmt"/>
      <line num="999" count="2" type="stmt"/>
      <line num="1000" count="2" type="stmt"/>
      <line num="1003" count="0" type="stmt"/>
      <line num="1006" count="0" type="stmt"/>
      <line num="1007" count="0" type="stmt"/>
      <line num="1010" count="0" type="stmt"/>
      <line num="1013" count="2" type="stmt"/>
      <line num="1014" count="2" type="stmt"/>
      <line num="1017" count="6" type="stmt"/>
      <line num="1018" count="6" type="stmt"/>
      <line num="1022" count="0" type="stmt"/>
      <line num="1026" count="1" type="stmt"/>
      <line num="1027" count="1" type="stmt"/>
      <line num="1035" count="13" type="stmt"/>
      <line num="1036" count="13" type="stmt"/>
      <line num="1042" count="162" type="stmt"/>
      <line num="1043" count="162" type="cond" truecount="1" falsecount="1"/>
      <line num="1044" count="0" type="stmt"/>
      <line num="1046" count="162" type="stmt"/>
      <line num="1047" count="162" type="stmt"/>
      <line num="1048" count="229" type="stmt"/>
      <line num="1049" count="229" type="stmt"/>
      <line num="1051" count="162" type="stmt"/>
      <line num="1055" count="81" type="stmt"/>
      <line num="1057" count="81" type="stmt"/>
      <line num="1061" count="0" type="stmt"/>
      <line num="1063" count="0" type="stmt"/>
      <line num="1067" count="1" type="stmt"/>
    </file>
  </project>
</coverage>
