<?xml version="1.0" encoding="UTF-8"?>
<coverage generated="1608266194565" clover="3.2.0">
  <project timestamp="1608266194565" name="All files">
    <metrics statements="138" coveredstatements="81" conditionals="32" coveredconditionals="8" methods="59" coveredmethods="36" elements="229" coveredelements="125" complexity="0" loc="138" ncloc="138" packages="1" files="3" classes="3"/>
    <file name="documentManager.ts" path="C:\code\mongo-safe\src\documentManager.ts">
      <metrics statements="59" coveredstatements="2" conditionals="24" coveredconditionals="0" methods="22" coveredmethods="0"/>
      <line num="1" count="3" type="stmt"/>
      <line num="15" count="3" type="stmt"/>
      <line num="16" count="0" type="stmt"/>
      <line num="19" count="0" type="stmt"/>
      <line num="20" count="0" type="stmt"/>
      <line num="21" count="0" type="stmt"/>
      <line num="22" count="0" type="stmt"/>
      <line num="23" count="0" type="stmt"/>
      <line num="24" count="0" type="stmt"/>
      <line num="28" count="0" type="stmt"/>
      <line num="32" count="0" type="stmt"/>
      <line num="33" count="0" type="stmt"/>
      <line num="34" count="0" type="stmt"/>
      <line num="36" count="0" type="stmt"/>
      <line num="40" count="0" type="stmt"/>
      <line num="44" count="0" type="stmt"/>
      <line num="45" count="0" type="cond" truecount="0" falsecount="4"/>
      <line num="46" count="0" type="stmt"/>
      <line num="48" count="0" type="stmt"/>
      <line num="52" count="0" type="stmt"/>
      <line num="57" count="0" type="stmt"/>
      <line num="60" count="0" type="stmt"/>
      <line num="62" count="0" type="stmt"/>
      <line num="70" count="0" type="stmt"/>
      <line num="71" count="0" type="stmt"/>
      <line num="75" count="0" type="cond" truecount="0" falsecount="2"/>
      <line num="76" count="0" type="stmt"/>
      <line num="77" count="0" type="stmt"/>
      <line num="78" count="0" type="stmt"/>
      <line num="79" count="0" type="cond" truecount="0" falsecount="4"/>
      <line num="82" count="0" type="stmt"/>
      <line num="84" count="0" type="cond" truecount="0" falsecount="4"/>
      <line num="94" count="0" type="stmt"/>
      <line num="99" count="0" type="stmt"/>
      <line num="103" count="0" type="stmt"/>
      <line num="107" count="0" type="stmt"/>
      <line num="111" count="0" type="cond" truecount="0" falsecount="2"/>
      <line num="113" count="0" type="cond" truecount="0" falsecount="2"/>
      <line num="114" count="0" type="stmt"/>
      <line num="116" count="0" type="stmt"/>
      <line num="118" count="0" type="cond" truecount="0" falsecount="2"/>
      <line num="119" count="0" type="stmt"/>
      <line num="122" count="0" type="stmt"/>
      <line num="125" count="0" type="stmt"/>
      <line num="129" count="0" type="stmt"/>
      <line num="133" count="0" type="stmt"/>
      <line num="143" count="0" type="stmt"/>
      <line num="144" count="0" type="cond" truecount="0" falsecount="2"/>
      <line num="145" count="0" type="stmt"/>
      <line num="147" count="0" type="stmt"/>
      <line num="157" count="0" type="stmt"/>
      <line num="158" count="0" type="cond" truecount="0" falsecount="2"/>
      <line num="159" count="0" type="stmt"/>
      <line num="161" count="0" type="stmt"/>
      <line num="165" count="0" type="stmt"/>
      <line num="169" count="0" type="stmt"/>
      <line num="170" count="0" type="stmt"/>
      <line num="171" count="0" type="stmt"/>
      <line num="172" count="0" type="stmt"/>
    </file>
    <file name="index.ts" path="C:\code\mongo-safe\src\index.ts">
      <metrics statements="2" coveredstatements="2" conditionals="0" coveredconditionals="0" methods="3" coveredmethods="2"/>
      <line num="2" count="8" type="stmt"/>
      <line num="3" count="3" type="stmt"/>
    </file>
    <file name="typeSafeAggregate.ts" path="C:\code\mongo-safe\src\typeSafeAggregate.ts">
      <metrics statements="77" coveredstatements="77" conditionals="8" coveredconditionals="8" methods="34" coveredmethods="34"/>
      <line num="690" count="7" type="stmt"/>
      <line num="1007" count="7" type="stmt"/>
      <line num="1008" count="26" type="stmt"/>
      <line num="1010" count="7" type="stmt"/>
      <line num="1011" count="2" type="stmt"/>
      <line num="1016" count="7" type="stmt"/>
      <line num="1019" count="302" type="stmt"/>
      <line num="1022" count="120" type="stmt"/>
      <line num="1025" count="12" type="stmt"/>
      <line num="1026" count="12" type="stmt"/>
      <line num="1035" count="2" type="stmt"/>
      <line num="1036" count="2" type="stmt"/>
      <line num="1058" count="3" type="stmt"/>
      <line num="1059" count="3" type="stmt"/>
      <line num="1063" count="1" type="stmt"/>
      <line num="1064" count="1" type="stmt"/>
      <line num="1070" count="1" type="stmt"/>
      <line num="1072" count="1" type="stmt"/>
      <line num="1073" count="2" type="stmt"/>
      <line num="1076" count="1" type="stmt"/>
      <line num="1090" count="1" type="stmt"/>
      <line num="1091" count="1" type="stmt"/>
      <line num="1102" count="6" type="stmt"/>
      <line num="1103" count="6" type="stmt"/>
      <line num="1109" count="17" type="stmt"/>
      <line num="1110" count="17" type="stmt"/>
      <line num="1114" count="2" type="stmt"/>
      <line num="1115" count="2" type="stmt"/>
      <line num="1138" count="11" type="stmt"/>
      <line num="1152" count="11" type="stmt"/>
      <line num="1163" count="11" type="stmt"/>
      <line num="1164" count="11" type="stmt"/>
      <line num="1188" count="6" type="cond" truecount="4" falsecount="0"/>
      <line num="1189" count="2" type="stmt"/>
      <line num="1191" count="4" type="stmt"/>
      <line num="1193" count="6" type="stmt"/>
      <line num="1197" count="1" type="stmt"/>
      <line num="1198" count="1" type="stmt"/>
      <line num="1204" count="67" type="stmt"/>
      <line num="1205" count="67" type="stmt"/>
      <line num="1213" count="1" type="stmt"/>
      <line num="1214" count="1" type="stmt"/>
      <line num="1219" count="2" type="stmt"/>
      <line num="1220" count="2" type="stmt"/>
      <line num="1225" count="2" type="stmt"/>
      <line num="1226" count="2" type="stmt"/>
      <line num="1230" count="1" type="stmt"/>
      <line num="1231" count="1" type="stmt"/>
      <line num="1234" count="1" type="stmt"/>
      <line num="1235" count="1" type="stmt"/>
      <line num="1239" count="2" type="stmt"/>
      <line num="1240" count="2" type="stmt"/>
      <line num="1243" count="2" type="stmt"/>
      <line num="1244" count="2" type="stmt"/>
      <line num="1248" count="6" type="stmt"/>
      <line num="1249" count="6" type="stmt"/>
      <line num="1255" count="2" type="stmt"/>
      <line num="1256" count="2" type="stmt"/>
      <line num="1267" count="2" type="cond" truecount="2" falsecount="0"/>
      <line num="1268" count="1" type="stmt"/>
      <line num="1270" count="1" type="stmt"/>
      <line num="1277" count="2" type="stmt"/>
      <line num="1281" count="1" type="stmt"/>
      <line num="1282" count="1" type="stmt"/>
      <line num="1290" count="13" type="stmt"/>
      <line num="1291" count="13" type="stmt"/>
      <line num="1297" count="243" type="stmt"/>
      <line num="1298" count="243" type="stmt"/>
      <line num="1299" count="243" type="stmt"/>
      <line num="1300" count="314" type="stmt"/>
      <line num="1301" count="314" type="stmt"/>
      <line num="1303" count="243" type="stmt"/>
      <line num="1307" count="119" type="stmt"/>
      <line num="1309" count="119" type="stmt"/>
      <line num="1313" count="1" type="stmt"/>
      <line num="1315" count="1" type="stmt"/>
      <line num="1319" count="1" type="stmt"/>
    </file>
  </project>
</coverage>
