{"C:\\code\\mongo-safe\\src\\documentManager.ts": {"path":"C:\\code\\mongo-safe\\src\\documentManager.ts","statementMap":{"0":{"start":{"line":1,"column":0},"end":{"line":1,"column":null}},"1":{"start":{"line":16,"column":22},"end":{"line":16,"column":44}},"2":{"start":{"line":16,"column":54},"end":{"line":16,"column":86}},"3":{"start":{"line":19,"column":4},"end":{"line":19,"column":29}},"4":{"start":{"line":20,"column":19},"end":{"line":20,"column":73}},"5":{"start":{"line":21,"column":4},"end":{"line":21,"column":28}},"6":{"start":{"line":22,"column":4},"end":{"line":22,"column":37}},"7":{"start":{"line":23,"column":4},"end":{"line":23,"column":37}},"8":{"start":{"line":24,"column":4},"end":{"line":24,"column":33}},"9":{"start":{"line":28,"column":4},"end":{"line":28,"column":83}},"10":{"start":{"line":32,"column":19},"end":{"line":32,"column":75}},"11":{"start":{"line":33,"column":4},"end":{"line":35,"column":null}},"12":{"start":{"line":33,"column":17},"end":{"line":33,"column":18}},"13":{"start":{"line":34,"column":6},"end":{"line":34,"column":47}},"14":{"start":{"line":36,"column":4},"end":{"line":36,"column":36}},"15":{"start":{"line":40,"column":4},"end":{"line":40,"column":65}},"16":{"start":{"line":44,"column":19},"end":{"line":44,"column":86}},"17":{"start":{"line":45,"column":4},"end":{"line":47,"column":null}},"18":{"start":{"line":46,"column":6},"end":{"line":46,"column":33}},"19":{"start":{"line":48,"column":4},"end":{"line":48,"column":21}},"20":{"start":{"line":52,"column":4},"end":{"line":52,"column":66}},"21":{"start":{"line":57,"column":23},"end":{"line":57,"column":49}},"22":{"start":{"line":60,"column":4},"end":{"line":60,"column":77}},"23":{"start":{"line":62,"column":4},"end":{"line":62,"column":20}},"24":{"start":{"line":70,"column":17},"end":{"line":70,"column":92}},"25":{"start":{"line":71,"column":4},"end":{"line":71,"column":16}},"26":{"start":{"line":75,"column":4},"end":{"line":85,"column":null}},"27":{"start":{"line":76,"column":6},"end":{"line":76,"column":37}},"28":{"start":{"line":77,"column":21},"end":{"line":77,"column":84}},"29":{"start":{"line":78,"column":6},"end":{"line":78,"column":37}},"30":{"start":{"line":79,"column":6},"end":{"line":79,"column":33}},"31":{"start":{"line":82,"column":21},"end":{"line":82,"column":70}},"32":{"start":{"line":84,"column":6},"end":{"line":84,"column":33}},"33":{"start":{"line":94,"column":18},"end":{"line":97,"column":16}},"34":{"start":{"line":99,"column":4},"end":{"line":99,"column":17}},"35":{"start":{"line":103,"column":4},"end":{"line":103,"column":72}},"36":{"start":{"line":107,"column":4},"end":{"line":107,"column":62}},"37":{"start":{"line":111,"column":31},"end":{"line":111,"column":93}},"38":{"start":{"line":113,"column":4},"end":{"line":117,"column":null}},"39":{"start":{"line":114,"column":6},"end":{"line":114,"column":101}},"40":{"start":{"line":116,"column":6},"end":{"line":116,"column":87}},"41":{"start":{"line":118,"column":4},"end":{"line":118,"column":34}},"42":{"start":{"line":118,"column":17},"end":{"line":118,"column":34}},"43":{"start":{"line":119,"column":4},"end":{"line":119,"column":18}},"44":{"start":{"line":122,"column":4},"end":{"line":122,"column":57}},"45":{"start":{"line":125,"column":4},"end":{"line":125,"column":56}},"46":{"start":{"line":129,"column":4},"end":{"line":129,"column":70}},"47":{"start":{"line":133,"column":4},"end":{"line":133,"column":69}},"48":{"start":{"line":143,"column":17},"end":{"line":143,"column":64}},"49":{"start":{"line":144,"column":4},"end":{"line":146,"column":null}},"50":{"start":{"line":145,"column":6},"end":{"line":145,"column":58}},"51":{"start":{"line":147,"column":4},"end":{"line":147,"column":66}},"52":{"start":{"line":157,"column":17},"end":{"line":157,"column":57}},"53":{"start":{"line":158,"column":4},"end":{"line":160,"column":null}},"54":{"start":{"line":159,"column":6},"end":{"line":159,"column":58}},"55":{"start":{"line":161,"column":4},"end":{"line":161,"column":48}},"56":{"start":{"line":165,"column":4},"end":{"line":165,"column":63}},"57":{"start":{"line":169,"column":4},"end":{"line":169,"column":32}},"58":{"start":{"line":170,"column":14},"end":{"line":170,"column":75}},"59":{"start":{"line":171,"column":4},"end":{"line":171,"column":33}},"60":{"start":{"line":172,"column":4},"end":{"line":172,"column":13}},"61":{"start":{"line":15,"column":0},"end":{"line":15,"column":13}}},"fnMap":{"0":{"name":"(anonymous_0)","decl":{"start":{"line":16,"column":2},"end":{"line":16,"column":22}},"loc":{"start":{"line":16,"column":86},"end":{"line":16,"column":90}}},"1":{"name":"(anonymous_1)","decl":{"start":{"line":18,"column":2},"end":{"line":18,"column":7}},"loc":{"start":{"line":18,"column":46},"end":{"line":25,"column":3}}},"2":{"name":"(anonymous_2)","decl":{"start":{"line":27,"column":2},"end":{"line":27,"column":7}},"loc":{"start":{"line":27,"column":21},"end":{"line":29,"column":3}}},"3":{"name":"(anonymous_3)","decl":{"start":{"line":31,"column":2},"end":{"line":31,"column":7}},"loc":{"start":{"line":31,"column":50},"end":{"line":37,"column":3}}},"4":{"name":"(anonymous_4)","decl":{"start":{"line":39,"column":2},"end":{"line":39,"column":7}},"loc":{"start":{"line":39,"column":68},"end":{"line":41,"column":3}}},"5":{"name":"(anonymous_5)","decl":{"start":{"line":43,"column":2},"end":{"line":43,"column":7}},"loc":{"start":{"line":43,"column":71},"end":{"line":49,"column":3}}},"6":{"name":"(anonymous_6)","decl":{"start":{"line":51,"column":2},"end":{"line":51,"column":7}},"loc":{"start":{"line":51,"column":69},"end":{"line":53,"column":3}}},"7":{"name":"(anonymous_7)","decl":{"start":{"line":55,"column":2},"end":{"line":55,"column":7}},"loc":{"start":{"line":55,"column":34},"end":{"line":63,"column":3}}},"8":{"name":"(anonymous_8)","decl":{"start":{"line":65,"column":2},"end":{"line":65,"column":7}},"loc":{"start":{"line":69,"column":50},"end":{"line":72,"column":3}}},"9":{"name":"(anonymous_9)","decl":{"start":{"line":74,"column":2},"end":{"line":74,"column":7}},"loc":{"start":{"line":74,"column":54},"end":{"line":86,"column":3}}},"10":{"name":"(anonymous_10)","decl":{"start":{"line":88,"column":2},"end":{"line":88,"column":7}},"loc":{"start":{"line":92,"column":50},"end":{"line":100,"column":3}}},"11":{"name":"(anonymous_11)","decl":{"start":{"line":102,"column":2},"end":{"line":102,"column":7}},"loc":{"start":{"line":102,"column":34},"end":{"line":104,"column":3}}},"12":{"name":"(anonymous_12)","decl":{"start":{"line":106,"column":2},"end":{"line":106,"column":7}},"loc":{"start":{"line":106,"column":40},"end":{"line":108,"column":3}}},"13":{"name":"(anonymous_13)","decl":{"start":{"line":110,"column":2},"end":{"line":110,"column":7}},"loc":{"start":{"line":110,"column":55},"end":{"line":120,"column":3}}},"14":{"name":"(anonymous_14)","decl":{"start":{"line":121,"column":2},"end":{"line":121,"column":7}},"loc":{"start":{"line":121,"column":40},"end":{"line":123,"column":3}}},"15":{"name":"(anonymous_15)","decl":{"start":{"line":124,"column":2},"end":{"line":124,"column":7}},"loc":{"start":{"line":124,"column":39},"end":{"line":126,"column":3}}},"16":{"name":"(anonymous_16)","decl":{"start":{"line":128,"column":2},"end":{"line":128,"column":7}},"loc":{"start":{"line":128,"column":36},"end":{"line":130,"column":3}}},"17":{"name":"(anonymous_17)","decl":{"start":{"line":132,"column":2},"end":{"line":132,"column":7}},"loc":{"start":{"line":132,"column":36},"end":{"line":134,"column":3}}},"18":{"name":"(anonymous_18)","decl":{"start":{"line":136,"column":2},"end":{"line":136,"column":7}},"loc":{"start":{"line":141,"column":16},"end":{"line":148,"column":3}}},"19":{"name":"(anonymous_19)","decl":{"start":{"line":150,"column":2},"end":{"line":150,"column":7}},"loc":{"start":{"line":155,"column":16},"end":{"line":162,"column":3}}},"20":{"name":"(anonymous_20)","decl":{"start":{"line":164,"column":2},"end":{"line":164,"column":7}},"loc":{"start":{"line":164,"column":35},"end":{"line":166,"column":3}}},"21":{"name":"(anonymous_21)","decl":{"start":{"line":168,"column":2},"end":{"line":168,"column":7}},"loc":{"start":{"line":168,"column":52},"end":{"line":173,"column":3}}}},"branchMap":{"0":{"loc":{"start":{"line":45,"column":4},"end":{"line":47,"column":null}},"type":"if","locations":[{"start":{"line":45,"column":4},"end":{"line":47,"column":null}},{"start":{"line":45,"column":4},"end":{"line":47,"column":null}}]},"1":{"loc":{"start":{"line":45,"column":8},"end":{"line":45,"column":34}},"type":"binary-expr","locations":[{"start":{"line":45,"column":8},"end":{"line":45,"column":34}},{"start":{"line":45,"column":38},"end":{"line":45,"column":64}}]},"2":{"loc":{"start":{"line":75,"column":4},"end":{"line":85,"column":null}},"type":"if","locations":[{"start":{"line":75,"column":4},"end":{"line":85,"column":null}},{"start":{"line":75,"column":4},"end":{"line":85,"column":null}}]},"3":{"loc":{"start":{"line":79,"column":13},"end":{"line":79,"column":19}},"type":"cond-expr","locations":[{"start":{"line":79,"column":13},"end":{"line":79,"column":19}},{"start":{"line":79,"column":23},"end":{"line":79,"column":32}}]},"4":{"loc":{"start":{"line":79,"column":13},"end":{"line":79,"column":23}},"type":"binary-expr","locations":[{"start":{"line":79,"column":13},"end":{"line":79,"column":23}},{"start":{"line":79,"column":13},"end":{"line":79,"column":23}}]},"5":{"loc":{"start":{"line":84,"column":13},"end":{"line":84,"column":19}},"type":"cond-expr","locations":[{"start":{"line":84,"column":13},"end":{"line":84,"column":19}},{"start":{"line":84,"column":23},"end":{"line":84,"column":32}}]},"6":{"loc":{"start":{"line":84,"column":13},"end":{"line":84,"column":23}},"type":"binary-expr","locations":[{"start":{"line":84,"column":13},"end":{"line":84,"column":23}},{"start":{"line":84,"column":13},"end":{"line":84,"column":23}}]},"7":{"loc":{"start":{"line":111,"column":56},"end":{"line":111,"column":88}},"type":"cond-expr","locations":[{"start":{"line":111,"column":56},"end":{"line":111,"column":88}},{"start":{"line":111,"column":91},"end":{"line":111,"column":93}}]},"8":{"loc":{"start":{"line":113,"column":4},"end":{"line":117,"column":null}},"type":"if","locations":[{"start":{"line":113,"column":4},"end":{"line":117,"column":null}},{"start":{"line":113,"column":4},"end":{"line":117,"column":null}}]},"9":{"loc":{"start":{"line":118,"column":4},"end":{"line":118,"column":34}},"type":"if","locations":[{"start":{"line":118,"column":4},"end":{"line":118,"column":34}},{"start":{"line":118,"column":4},"end":{"line":118,"column":34}}]},"10":{"loc":{"start":{"line":144,"column":4},"end":{"line":146,"column":null}},"type":"if","locations":[{"start":{"line":144,"column":4},"end":{"line":146,"column":null}},{"start":{"line":144,"column":4},"end":{"line":146,"column":null}}]},"11":{"loc":{"start":{"line":158,"column":4},"end":{"line":160,"column":null}},"type":"if","locations":[{"start":{"line":158,"column":4},"end":{"line":160,"column":null}},{"start":{"line":158,"column":4},"end":{"line":160,"column":null}}]}},"s":{"0":3,"1":0,"2":0,"3":0,"4":0,"5":0,"6":0,"7":0,"8":0,"9":0,"10":0,"11":0,"12":0,"13":0,"14":0,"15":0,"16":0,"17":0,"18":0,"19":0,"20":0,"21":0,"22":0,"23":0,"24":0,"25":0,"26":0,"27":0,"28":0,"29":0,"30":0,"31":0,"32":0,"33":0,"34":0,"35":0,"36":0,"37":0,"38":0,"39":0,"40":0,"41":0,"42":0,"43":0,"44":0,"45":0,"46":0,"47":0,"48":0,"49":0,"50":0,"51":0,"52":0,"53":0,"54":0,"55":0,"56":0,"57":0,"58":0,"59":0,"60":0,"61":3},"f":{"0":0,"1":0,"2":0,"3":0,"4":0,"5":0,"6":0,"7":0,"8":0,"9":0,"10":0,"11":0,"12":0,"13":0,"14":0,"15":0,"16":0,"17":0,"18":0,"19":0,"20":0,"21":0},"b":{"0":[0,0],"1":[0,0],"2":[0,0],"3":[0,0],"4":[0,0],"5":[0,0],"6":[0,0],"7":[0,0],"8":[0,0],"9":[0,0],"10":[0,0],"11":[0,0]}}
,"C:\\code\\mongo-safe\\src\\index.ts": {"path":"C:\\code\\mongo-safe\\src\\index.ts","statementMap":{"0":{"start":{"line":2,"column":0},"end":{"line":2,"column":8}},"1":{"start":{"line":2,"column":8},"end":{"line":2,"column":20}},"2":{"start":{"line":2,"column":20},"end":{"line":2,"column":58}},"3":{"start":{"line":3,"column":0},"end":{"line":3,"column":8}},"4":{"start":{"line":3,"column":8},"end":{"line":3,"column":50}}},"fnMap":{"0":{"name":"(anonymous_0)","decl":{"start":{"line":2,"column":8},"end":{"line":2,"column":18}},"loc":{"start":{"line":2,"column":8},"end":{"line":2,"column":20}}},"1":{"name":"(anonymous_1)","decl":{"start":{"line":2,"column":20},"end":{"line":2,"column":29}},"loc":{"start":{"line":2,"column":20},"end":{"line":2,"column":58}}},"2":{"name":"(anonymous_2)","decl":{"start":{"line":3,"column":8},"end":{"line":3,"column":23}},"loc":{"start":{"line":3,"column":8},"end":{"line":3,"column":50}}}},"branchMap":{},"s":{"0":3,"1":6,"2":8,"3":3,"4":3},"f":{"0":3,"1":5,"2":0},"b":{}}
,"C:\\code\\mongo-safe\\src\\typeSafeAggregate.ts": {"path":"C:\\code\\mongo-safe\\src\\typeSafeAggregate.ts","statementMap":{"0":{"start":{"line":773,"column":2},"end":{"line":773,"column":40}},"1":{"start":{"line":772,"column":0},"end":{"line":772,"column":16}},"2":{"start":{"line":779,"column":30},"end":{"line":779,"column":42}},"3":{"start":{"line":782,"column":4},"end":{"line":782,"column":31}},"4":{"start":{"line":785,"column":4},"end":{"line":785,"column":48}},"5":{"start":{"line":786,"column":4},"end":{"line":786,"column":70}},"6":{"start":{"line":790,"column":4},"end":{"line":790,"column":39}},"7":{"start":{"line":793,"column":4},"end":{"line":793,"column":39}},"8":{"start":{"line":796,"column":4},"end":{"line":796,"column":39}},"9":{"start":{"line":799,"column":4},"end":{"line":799,"column":41}},"10":{"start":{"line":800,"column":4},"end":{"line":800,"column":58}},"11":{"start":{"line":804,"column":4},"end":{"line":804,"column":39}},"12":{"start":{"line":809,"column":4},"end":{"line":809,"column":40}},"13":{"start":{"line":811,"column":4},"end":{"line":813,"column":null}},"14":{"start":{"line":812,"column":7},"end":{"line":812,"column":98}},"15":{"start":{"line":815,"column":4},"end":{"line":815,"column":70}},"16":{"start":{"line":829,"column":4},"end":{"line":829,"column":45}},"17":{"start":{"line":830,"column":4},"end":{"line":830,"column":71}},"18":{"start":{"line":841,"column":4},"end":{"line":841,"column":49}},"19":{"start":{"line":842,"column":4},"end":{"line":842,"column":73}},"20":{"start":{"line":848,"column":4},"end":{"line":848,"column":43}},"21":{"start":{"line":849,"column":4},"end":{"line":849,"column":77}},"22":{"start":{"line":853,"column":4},"end":{"line":853,"column":39}},"23":{"start":{"line":856,"column":4},"end":{"line":856,"column":43}},"24":{"start":{"line":857,"column":4},"end":{"line":857,"column":35}},"25":{"start":{"line":861,"column":4},"end":{"line":861,"column":39}},"26":{"start":{"line":864,"column":4},"end":{"line":864,"column":39}},"27":{"start":{"line":877,"column":4},"end":{"line":884,"column":6}},"28":{"start":{"line":885,"column":4},"end":{"line":887,"column":12}},"29":{"start":{"line":891,"column":4},"end":{"line":891,"column":43}},"30":{"start":{"line":892,"column":4},"end":{"line":892,"column":35}},"31":{"start":{"line":896,"column":4},"end":{"line":896,"column":39}},"32":{"start":{"line":900,"column":4},"end":{"line":900,"column":45}},"33":{"start":{"line":901,"column":4},"end":{"line":901,"column":38}},"34":{"start":{"line":905,"column":4},"end":{"line":905,"column":39}},"35":{"start":{"line":911,"column":4},"end":{"line":911,"column":45}},"36":{"start":{"line":912,"column":4},"end":{"line":912,"column":92}},"37":{"start":{"line":916,"column":4},"end":{"line":916,"column":39}},"38":{"start":{"line":919,"column":4},"end":{"line":919,"column":39}},"39":{"start":{"line":922,"column":4},"end":{"line":922,"column":39}},"40":{"start":{"line":925,"column":4},"end":{"line":925,"column":44}},"41":{"start":{"line":926,"column":4},"end":{"line":926,"column":35}},"42":{"start":{"line":929,"column":4},"end":{"line":929,"column":39}},"43":{"start":{"line":932,"column":4},"end":{"line":932,"column":41}},"44":{"start":{"line":933,"column":4},"end":{"line":933,"column":35}},"45":{"start":{"line":936,"column":4},"end":{"line":936,"column":42}},"46":{"start":{"line":937,"column":4},"end":{"line":937,"column":35}},"47":{"start":{"line":941,"column":4},"end":{"line":941,"column":39}},"48":{"start":{"line":945,"column":4},"end":{"line":945,"column":41}},"49":{"start":{"line":946,"column":4},"end":{"line":946,"column":78}},"50":{"start":{"line":954,"column":4},"end":{"line":954,"column":42}},"51":{"start":{"line":955,"column":4},"end":{"line":957,"column":12}},"52":{"start":{"line":961,"column":22},"end":{"line":961,"column":24}},"53":{"start":{"line":962,"column":4},"end":{"line":964,"column":null}},"54":{"start":{"line":963,"column":6},"end":{"line":963,"column":44}},"55":{"start":{"line":965,"column":17},"end":{"line":965,"column":28}},"56":{"start":{"line":966,"column":4},"end":{"line":969,"column":null}},"57":{"start":{"line":967,"column":6},"end":{"line":967,"column":46}},"58":{"start":{"line":968,"column":6},"end":{"line":968,"column":29}},"59":{"start":{"line":970,"column":4},"end":{"line":970,"column":31}},"60":{"start":{"line":974,"column":18},"end":{"line":974,"column":30}},"61":{"start":{"line":976,"column":4},"end":{"line":976,"column":62}},"62":{"start":{"line":980,"column":18},"end":{"line":980,"column":30}},"63":{"start":{"line":982,"column":4},"end":{"line":982,"column":42}},"64":{"start":{"line":776,"column":0},"end":{"line":776,"column":13}},"65":{"start":{"line":986,"column":2},"end":{"line":986,"column":43}}},"fnMap":{"0":{"name":"tableName","decl":{"start":{"line":772,"column":16},"end":{"line":772,"column":25}},"loc":{"start":{"line":772,"column":62},"end":{"line":774,"column":1}}},"1":{"name":"(anonymous_1)","decl":{"start":{"line":779,"column":2},"end":{"line":779,"column":30}},"loc":{"start":{"line":779,"column":42},"end":{"line":779,"column":46}}},"2":{"name":"(anonymous_2)","decl":{"start":{"line":781,"column":2},"end":{"line":781,"column":8}},"loc":{"start":{"line":781,"column":14},"end":{"line":783,"column":3}}},"3":{"name":"(anonymous_3)","decl":{"start":{"line":784,"column":2},"end":{"line":784,"column":12}},"loc":{"start":{"line":784,"column":57},"end":{"line":787,"column":3}}},"4":{"name":"(anonymous_4)","decl":{"start":{"line":789,"column":2},"end":{"line":789,"column":9}},"loc":{"start":{"line":789,"column":9},"end":{"line":791,"column":3}}},"5":{"name":"(anonymous_5)","decl":{"start":{"line":792,"column":2},"end":{"line":792,"column":13}},"loc":{"start":{"line":792,"column":13},"end":{"line":794,"column":3}}},"6":{"name":"(anonymous_6)","decl":{"start":{"line":795,"column":2},"end":{"line":795,"column":12}},"loc":{"start":{"line":795,"column":12},"end":{"line":797,"column":3}}},"7":{"name":"(anonymous_7)","decl":{"start":{"line":798,"column":2},"end":{"line":798,"column":8}},"loc":{"start":{"line":798,"column":39},"end":{"line":801,"column":3}}},"8":{"name":"(anonymous_8)","decl":{"start":{"line":803,"column":2},"end":{"line":803,"column":12}},"loc":{"start":{"line":803,"column":12},"end":{"line":805,"column":3}}},"9":{"name":"(anonymous_9)","decl":{"start":{"line":806,"column":2},"end":{"line":806,"column":8}},"loc":{"start":{"line":807,"column":81},"end":{"line":816,"column":3}}},"10":{"name":"(anonymous_10)","decl":{"start":{"line":817,"column":2},"end":{"line":817,"column":10}},"loc":{"start":{"line":828,"column":3},"end":{"line":831,"column":3}}},"11":{"name":"(anonymous_11)","decl":{"start":{"line":832,"column":2},"end":{"line":832,"column":14}},"loc":{"start":{"line":840,"column":3},"end":{"line":843,"column":3}}},"12":{"name":"(anonymous_12)","decl":{"start":{"line":845,"column":2},"end":{"line":845,"column":8}},"loc":{"start":{"line":846,"column":48},"end":{"line":850,"column":3}}},"13":{"name":"(anonymous_13)","decl":{"start":{"line":852,"column":2},"end":{"line":852,"column":13}},"loc":{"start":{"line":852,"column":13},"end":{"line":854,"column":3}}},"14":{"name":"(anonymous_14)","decl":{"start":{"line":855,"column":2},"end":{"line":855,"column":8}},"loc":{"start":{"line":855,"column":22},"end":{"line":858,"column":3}}},"15":{"name":"(anonymous_15)","decl":{"start":{"line":860,"column":2},"end":{"line":860,"column":20}},"loc":{"start":{"line":860,"column":20},"end":{"line":862,"column":3}}},"16":{"name":"(anonymous_16)","decl":{"start":{"line":863,"column":2},"end":{"line":863,"column":15}},"loc":{"start":{"line":863,"column":15},"end":{"line":865,"column":3}}},"17":{"name":"(anonymous_17)","decl":{"start":{"line":866,"column":2},"end":{"line":866,"column":9}},"loc":{"start":{"line":873,"column":3},"end":{"line":888,"column":3}}},"18":{"name":"(anonymous_18)","decl":{"start":{"line":890,"column":2},"end":{"line":890,"column":8}},"loc":{"start":{"line":890,"column":54},"end":{"line":893,"column":3}}},"19":{"name":"(anonymous_19)","decl":{"start":{"line":895,"column":2},"end":{"line":895,"column":8}},"loc":{"start":{"line":895,"column":8},"end":{"line":897,"column":3}}},"20":{"name":"(anonymous_20)","decl":{"start":{"line":899,"column":2},"end":{"line":899,"column":6}},"loc":{"start":{"line":899,"column":24},"end":{"line":902,"column":3}}},"21":{"name":"(anonymous_21)","decl":{"start":{"line":904,"column":2},"end":{"line":904,"column":17}},"loc":{"start":{"line":904,"column":17},"end":{"line":906,"column":3}}},"22":{"name":"(anonymous_22)","decl":{"start":{"line":908,"column":2},"end":{"line":908,"column":10}},"loc":{"start":{"line":909,"column":37},"end":{"line":913,"column":3}}},"23":{"name":"(anonymous_23)","decl":{"start":{"line":915,"column":2},"end":{"line":915,"column":9}},"loc":{"start":{"line":915,"column":9},"end":{"line":917,"column":3}}},"24":{"name":"(anonymous_24)","decl":{"start":{"line":918,"column":2},"end":{"line":918,"column":14}},"loc":{"start":{"line":918,"column":14},"end":{"line":920,"column":3}}},"25":{"name":"(anonymous_25)","decl":{"start":{"line":921,"column":2},"end":{"line":921,"column":14}},"loc":{"start":{"line":921,"column":14},"end":{"line":923,"column":3}}},"26":{"name":"(anonymous_26)","decl":{"start":{"line":924,"column":2},"end":{"line":924,"column":9}},"loc":{"start":{"line":924,"column":31},"end":{"line":927,"column":3}}},"27":{"name":"(anonymous_27)","decl":{"start":{"line":928,"column":2},"end":{"line":928,"column":6}},"loc":{"start":{"line":928,"column":6},"end":{"line":930,"column":3}}},"28":{"name":"(anonymous_28)","decl":{"start":{"line":931,"column":2},"end":{"line":931,"column":7}},"loc":{"start":{"line":931,"column":20},"end":{"line":934,"column":3}}},"29":{"name":"(anonymous_29)","decl":{"start":{"line":935,"column":2},"end":{"line":935,"column":7}},"loc":{"start":{"line":935,"column":46},"end":{"line":938,"column":3}}},"30":{"name":"(anonymous_30)","decl":{"start":{"line":940,"column":2},"end":{"line":940,"column":14}},"loc":{"start":{"line":940,"column":14},"end":{"line":942,"column":3}}},"31":{"name":"(anonymous_31)","decl":{"start":{"line":944,"column":2},"end":{"line":944,"column":8}},"loc":{"start":{"line":944,"column":52},"end":{"line":947,"column":3}}},"32":{"name":"(anonymous_32)","decl":{"start":{"line":949,"column":2},"end":{"line":949,"column":9}},"loc":{"start":{"line":950,"column":116},"end":{"line":958,"column":3}}},"33":{"name":"(anonymous_33)","decl":{"start":{"line":960,"column":2},"end":{"line":960,"column":7}},"loc":{"start":{"line":960,"column":7},"end":{"line":971,"column":3}}},"34":{"name":"(anonymous_34)","decl":{"start":{"line":973,"column":2},"end":{"line":973,"column":7}},"loc":{"start":{"line":973,"column":73},"end":{"line":977,"column":3}}},"35":{"name":"(anonymous_35)","decl":{"start":{"line":979,"column":2},"end":{"line":979,"column":7}},"loc":{"start":{"line":979,"column":79},"end":{"line":983,"column":3}}},"36":{"name":"safeKeys","decl":{"start":{"line":985,"column":9},"end":{"line":985,"column":17}},"loc":{"start":{"line":985,"column":29},"end":{"line":987,"column":1}}}},"branchMap":{"0":{"loc":{"start":{"line":962,"column":4},"end":{"line":964,"column":null}},"type":"if","locations":[{"start":{"line":962,"column":4},"end":{"line":964,"column":null}},{"start":{"line":962,"column":4},"end":{"line":964,"column":null}}]}},"s":{"0":15,"1":7,"2":196,"3":73,"4":10,"5":10,"6":0,"7":0,"8":0,"9":2,"10":2,"11":0,"12":1,"13":1,"14":2,"15":1,"16":1,"17":1,"18":6,"19":6,"20":16,"21":16,"22":0,"23":2,"24":2,"25":0,"26":0,"27":9,"28":9,"29":8,"30":8,"31":0,"32":0,"33":0,"34":0,"35":44,"36":44,"37":0,"38":0,"39":0,"40":0,"41":0,"42":0,"43":2,"44":2,"45":6,"46":6,"47":0,"48":1,"49":1,"50":13,"51":13,"52":145,"53":145,"54":0,"55":145,"56":145,"57":208,"58":208,"59":145,"60":73,"61":73,"62":0,"63":0,"64":7,"65":1},"f":{"0":15,"1":196,"2":73,"3":10,"4":0,"5":0,"6":0,"7":2,"8":0,"9":1,"10":1,"11":6,"12":16,"13":0,"14":2,"15":0,"16":0,"17":9,"18":8,"19":0,"20":0,"21":0,"22":44,"23":0,"24":0,"25":0,"26":0,"27":0,"28":2,"29":6,"30":0,"31":1,"32":13,"33":145,"34":73,"35":0,"36":1},"b":{"0":[0,145]}}
}
