{"/Users/dested/code/mongo-safe/src/typeSafeAggregate.ts": {"path":"/Users/dested/code/mongo-safe/src/typeSafeAggregate.ts","statementMap":{"0":{"start":{"line":54,"column":21},"end":{"line":54,"column":32}},"1":{"start":{"line":53,"column":2},"end":{"line":53,"column":27}},"2":{"start":{"line":52,"column":0},"end":{"line":52,"column":13}},"3":{"start":{"line":58,"column":21},"end":{"line":58,"column":32}},"4":{"start":{"line":57,"column":2},"end":{"line":57,"column":25}},"5":{"start":{"line":56,"column":0},"end":{"line":56,"column":13}},"6":{"start":{"line":62,"column":34},"end":{"line":62,"column":61}},"7":{"start":{"line":65,"column":35},"end":{"line":65,"column":37}},"8":{"start":{"line":66,"column":25},"end":{"line":71,"column":6}},"9":{"start":{"line":68,"column":8},"end":{"line":68,"column":26}},"10":{"start":{"line":69,"column":8},"end":{"line":69,"column":47}},"11":{"start":{"line":72,"column":18},"end":{"line":72,"column":59}},"12":{"start":{"line":73,"column":4},"end":{"line":73,"column":17}},"13":{"start":{"line":74,"column":4},"end":{"line":74,"column":36}},"14":{"start":{"line":78,"column":35},"end":{"line":78,"column":37}},"15":{"start":{"line":79,"column":25},"end":{"line":84,"column":6}},"16":{"start":{"line":81,"column":8},"end":{"line":81,"column":26}},"17":{"start":{"line":82,"column":8},"end":{"line":82,"column":47}},"18":{"start":{"line":85,"column":18},"end":{"line":85,"column":59}},"19":{"start":{"line":86,"column":4},"end":{"line":86,"column":17}},"20":{"start":{"line":88,"column":4},"end":{"line":88,"column":59}},"21":{"start":{"line":92,"column":17},"end":{"line":92,"column":19}},"22":{"start":{"line":93,"column":4},"end":{"line":95,"column":null}},"23":{"start":{"line":93,"column":17},"end":{"line":93,"column":18}},"24":{"start":{"line":94,"column":6},"end":{"line":94,"column":20}},"25":{"start":{"line":96,"column":4},"end":{"line":96,"column":18}},"26":{"start":{"line":103,"column":17},"end":{"line":103,"column":54}},"27":{"start":{"line":104,"column":4},"end":{"line":104,"column":33}},"28":{"start":{"line":108,"column":4},"end":{"line":108,"column":51}},"29":{"start":{"line":61,"column":0},"end":{"line":61,"column":13}},"30":{"start":{"line":116,"column":4},"end":{"line":116,"column":44}},"31":{"start":{"line":115,"column":30},"end":{"line":115,"column":54}},"32":{"start":{"line":304,"column":2},"end":{"line":328,"column":4}},"33":{"start":{"line":320,"column":6},"end":{"line":326,"column":8}},"34":{"start":{"line":117,"column":4},"end":{"line":117,"column":64}},"35":{"start":{"line":123,"column":4},"end":{"line":123,"column":48}},"36":{"start":{"line":124,"column":4},"end":{"line":124,"column":92}},"37":{"start":{"line":132,"column":4},"end":{"line":132,"column":56}},"38":{"start":{"line":133,"column":4},"end":{"line":133,"column":92}},"39":{"start":{"line":137,"column":4},"end":{"line":137,"column":39}},"40":{"start":{"line":140,"column":4},"end":{"line":140,"column":39}},"41":{"start":{"line":143,"column":4},"end":{"line":143,"column":39}},"42":{"start":{"line":146,"column":4},"end":{"line":146,"column":39}},"43":{"start":{"line":149,"column":4},"end":{"line":149,"column":39}},"44":{"start":{"line":152,"column":4},"end":{"line":152,"column":39}},"45":{"start":{"line":155,"column":4},"end":{"line":155,"column":39}},"46":{"start":{"line":165,"column":4},"end":{"line":165,"column":17}},"47":{"start":{"line":175,"column":4},"end":{"line":175,"column":39}},"48":{"start":{"line":178,"column":4},"end":{"line":178,"column":39}},"49":{"start":{"line":181,"column":4},"end":{"line":181,"column":43}},"50":{"start":{"line":182,"column":4},"end":{"line":182,"column":35}},"51":{"start":{"line":185,"column":4},"end":{"line":185,"column":39}},"52":{"start":{"line":188,"column":4},"end":{"line":188,"column":39}},"53":{"start":{"line":201,"column":19},"end":{"line":201,"column":95}},"54":{"start":{"line":202,"column":4},"end":{"line":209,"column":6}},"55":{"start":{"line":210,"column":4},"end":{"line":210,"column":68}},"56":{"start":{"line":214,"column":4},"end":{"line":214,"column":43}},"57":{"start":{"line":215,"column":4},"end":{"line":215,"column":35}},"58":{"start":{"line":219,"column":4},"end":{"line":219,"column":52}},"59":{"start":{"line":220,"column":4},"end":{"line":220,"column":35}},"60":{"start":{"line":224,"column":4},"end":{"line":224,"column":39}},"61":{"start":{"line":227,"column":4},"end":{"line":227,"column":39}},"62":{"start":{"line":230,"column":4},"end":{"line":230,"column":39}},"63":{"start":{"line":237,"column":4},"end":{"line":237,"column":45}},"64":{"start":{"line":238,"column":4},"end":{"line":238,"column":107}},"65":{"start":{"line":247,"column":4},"end":{"line":247,"column":54}},"66":{"start":{"line":248,"column":4},"end":{"line":248,"column":107}},"67":{"start":{"line":251,"column":4},"end":{"line":251,"column":39}},"68":{"start":{"line":254,"column":4},"end":{"line":254,"column":39}},"69":{"start":{"line":257,"column":4},"end":{"line":257,"column":39}},"70":{"start":{"line":260,"column":4},"end":{"line":260,"column":39}},"71":{"start":{"line":263,"column":4},"end":{"line":263,"column":39}},"72":{"start":{"line":266,"column":4},"end":{"line":266,"column":41}},"73":{"start":{"line":267,"column":4},"end":{"line":267,"column":35}},"74":{"start":{"line":270,"column":4},"end":{"line":270,"column":42}},"75":{"start":{"line":271,"column":4},"end":{"line":271,"column":35}},"76":{"start":{"line":274,"column":4},"end":{"line":274,"column":51}},"77":{"start":{"line":275,"column":4},"end":{"line":275,"column":35}},"78":{"start":{"line":278,"column":4},"end":{"line":278,"column":39}},"79":{"start":{"line":281,"column":4},"end":{"line":281,"column":39}},"80":{"start":{"line":293,"column":4},"end":{"line":293,"column":17}},"81":{"start":{"line":297,"column":4},"end":{"line":297,"column":17}},"82":{"start":{"line":301,"column":4},"end":{"line":301,"column":31}},"83":{"start":{"line":331,"column":22},"end":{"line":331,"column":24}},"84":{"start":{"line":332,"column":4},"end":{"line":334,"column":null}},"85":{"start":{"line":333,"column":6},"end":{"line":333,"column":43}},"86":{"start":{"line":335,"column":17},"end":{"line":335,"column":28}},"87":{"start":{"line":336,"column":4},"end":{"line":339,"column":null}},"88":{"start":{"line":337,"column":6},"end":{"line":337,"column":45}},"89":{"start":{"line":338,"column":6},"end":{"line":338,"column":29}},"90":{"start":{"line":340,"column":4},"end":{"line":340,"column":31}},"91":{"start":{"line":112,"column":0},"end":{"line":112,"column":13}}},"fnMap":{"0":{"name":"(anonymous_0)","decl":{"start":{"line":54,"column":2},"end":{"line":54,"column":21}},"loc":{"start":{"line":54,"column":32},"end":{"line":54,"column":36}}},"1":{"name":"(anonymous_1)","decl":{"start":{"line":58,"column":2},"end":{"line":58,"column":21}},"loc":{"start":{"line":58,"column":32},"end":{"line":58,"column":36}}},"2":{"name":"(anonymous_2)","decl":{"start":{"line":62,"column":2},"end":{"line":62,"column":34}},"loc":{"start":{"line":62,"column":61},"end":{"line":62,"column":65}}},"3":{"name":"(anonymous_3)","decl":{"start":{"line":64,"column":2},"end":{"line":64,"column":5}},"loc":{"start":{"line":64,"column":47},"end":{"line":75,"column":3}}},"4":{"name":"(anonymous_4)","decl":{"start":{"line":67,"column":6},"end":{"line":67,"column":9}},"loc":{"start":{"line":67,"column":54},"end":{"line":70,"column":7}}},"5":{"name":"(anonymous_5)","decl":{"start":{"line":77,"column":2},"end":{"line":77,"column":14}},"loc":{"start":{"line":77,"column":56},"end":{"line":89,"column":3}}},"6":{"name":"(anonymous_6)","decl":{"start":{"line":80,"column":6},"end":{"line":80,"column":9}},"loc":{"start":{"line":80,"column":54},"end":{"line":83,"column":7}}},"7":{"name":"(anonymous_7)","decl":{"start":{"line":91,"column":10},"end":{"line":91,"column":21}},"loc":{"start":{"line":91,"column":21},"end":{"line":97,"column":3}}},"8":{"name":"(anonymous_8)","decl":{"start":{"line":99,"column":2},"end":{"line":99,"column":11}},"loc":{"start":{"line":101,"column":63},"end":{"line":105,"column":3}}},"9":{"name":"(anonymous_9)","decl":{"start":{"line":107,"column":2},"end":{"line":107,"column":11}},"loc":{"start":{"line":107,"column":53},"end":{"line":109,"column":3}}},"10":{"name":"(anonymous_10)","decl":{"start":{"line":115,"column":2},"end":{"line":115,"column":30}},"loc":{"start":{"line":115,"column":54},"end":{"line":118,"column":3}}},"11":{"name":"(anonymous_11)","decl":{"start":{"line":305,"column":10},"end":{"line":305,"column":null}},"loc":{"start":{"line":319,"column":8},"end":{"line":327,"column":5}}},"12":{"name":"(anonymous_12)","decl":{"start":{"line":120,"column":2},"end":{"line":120,"column":12}},"loc":{"start":{"line":121,"column":100},"end":{"line":125,"column":3}}},"13":{"name":"(anonymous_13)","decl":{"start":{"line":127,"column":2},"end":{"line":127,"column":20}},"loc":{"start":{"line":130,"column":97},"end":{"line":134,"column":3}}},"14":{"name":"(anonymous_14)","decl":{"start":{"line":136,"column":2},"end":{"line":136,"column":9}},"loc":{"start":{"line":136,"column":9},"end":{"line":138,"column":3}}},"15":{"name":"(anonymous_15)","decl":{"start":{"line":139,"column":2},"end":{"line":139,"column":13}},"loc":{"start":{"line":139,"column":13},"end":{"line":141,"column":3}}},"16":{"name":"(anonymous_16)","decl":{"start":{"line":142,"column":2},"end":{"line":142,"column":12}},"loc":{"start":{"line":142,"column":12},"end":{"line":144,"column":3}}},"17":{"name":"(anonymous_17)","decl":{"start":{"line":145,"column":2},"end":{"line":145,"column":8}},"loc":{"start":{"line":145,"column":8},"end":{"line":147,"column":3}}},"18":{"name":"(anonymous_18)","decl":{"start":{"line":148,"column":2},"end":{"line":148,"column":12}},"loc":{"start":{"line":148,"column":12},"end":{"line":150,"column":3}}},"19":{"name":"(anonymous_19)","decl":{"start":{"line":151,"column":2},"end":{"line":151,"column":8}},"loc":{"start":{"line":151,"column":8},"end":{"line":153,"column":3}}},"20":{"name":"(anonymous_20)","decl":{"start":{"line":154,"column":2},"end":{"line":154,"column":10}},"loc":{"start":{"line":154,"column":10},"end":{"line":156,"column":3}}},"21":{"name":"(anonymous_21)","decl":{"start":{"line":157,"column":2},"end":{"line":157,"column":14}},"loc":{"start":{"line":162,"column":14},"end":{"line":173,"column":3}}},"22":{"name":"(anonymous_22)","decl":{"start":{"line":174,"column":2},"end":{"line":174,"column":8}},"loc":{"start":{"line":174,"column":8},"end":{"line":176,"column":3}}},"23":{"name":"(anonymous_23)","decl":{"start":{"line":177,"column":2},"end":{"line":177,"column":13}},"loc":{"start":{"line":177,"column":13},"end":{"line":179,"column":3}}},"24":{"name":"(anonymous_24)","decl":{"start":{"line":180,"column":2},"end":{"line":180,"column":8}},"loc":{"start":{"line":180,"column":22},"end":{"line":183,"column":3}}},"25":{"name":"(anonymous_25)","decl":{"start":{"line":184,"column":2},"end":{"line":184,"column":20}},"loc":{"start":{"line":184,"column":20},"end":{"line":186,"column":3}}},"26":{"name":"(anonymous_26)","decl":{"start":{"line":187,"column":2},"end":{"line":187,"column":15}},"loc":{"start":{"line":187,"column":15},"end":{"line":189,"column":3}}},"27":{"name":"(anonymous_27)","decl":{"start":{"line":190,"column":2},"end":{"line":190,"column":17}},"loc":{"start":{"line":199,"column":5},"end":{"line":211,"column":3}}},"28":{"name":"(anonymous_28)","decl":{"start":{"line":213,"column":2},"end":{"line":213,"column":8}},"loc":{"start":{"line":213,"column":34},"end":{"line":216,"column":3}}},"29":{"name":"(anonymous_29)","decl":{"start":{"line":218,"column":2},"end":{"line":218,"column":16}},"loc":{"start":{"line":218,"column":67},"end":{"line":221,"column":3}}},"30":{"name":"(anonymous_30)","decl":{"start":{"line":223,"column":2},"end":{"line":223,"column":8}},"loc":{"start":{"line":223,"column":8},"end":{"line":225,"column":3}}},"31":{"name":"(anonymous_31)","decl":{"start":{"line":226,"column":2},"end":{"line":226,"column":6}},"loc":{"start":{"line":226,"column":6},"end":{"line":228,"column":3}}},"32":{"name":"(anonymous_32)","decl":{"start":{"line":229,"column":2},"end":{"line":229,"column":17}},"loc":{"start":{"line":229,"column":17},"end":{"line":231,"column":3}}},"33":{"name":"(anonymous_33)","decl":{"start":{"line":232,"column":2},"end":{"line":232,"column":10}},"loc":{"start":{"line":235,"column":5},"end":{"line":239,"column":3}}},"34":{"name":"(anonymous_34)","decl":{"start":{"line":240,"column":2},"end":{"line":240,"column":18}},"loc":{"start":{"line":245,"column":5},"end":{"line":249,"column":3}}},"35":{"name":"(anonymous_35)","decl":{"start":{"line":250,"column":2},"end":{"line":250,"column":9}},"loc":{"start":{"line":250,"column":9},"end":{"line":252,"column":3}}},"36":{"name":"(anonymous_36)","decl":{"start":{"line":253,"column":2},"end":{"line":253,"column":14}},"loc":{"start":{"line":253,"column":14},"end":{"line":255,"column":3}}},"37":{"name":"(anonymous_37)","decl":{"start":{"line":256,"column":2},"end":{"line":256,"column":14}},"loc":{"start":{"line":256,"column":14},"end":{"line":258,"column":3}}},"38":{"name":"(anonymous_38)","decl":{"start":{"line":259,"column":2},"end":{"line":259,"column":9}},"loc":{"start":{"line":259,"column":9},"end":{"line":261,"column":3}}},"39":{"name":"(anonymous_39)","decl":{"start":{"line":262,"column":2},"end":{"line":262,"column":6}},"loc":{"start":{"line":262,"column":6},"end":{"line":264,"column":3}}},"40":{"name":"(anonymous_40)","decl":{"start":{"line":265,"column":2},"end":{"line":265,"column":7}},"loc":{"start":{"line":265,"column":20},"end":{"line":268,"column":3}}},"41":{"name":"(anonymous_41)","decl":{"start":{"line":269,"column":2},"end":{"line":269,"column":7}},"loc":{"start":{"line":269,"column":45},"end":{"line":272,"column":3}}},"42":{"name":"(anonymous_42)","decl":{"start":{"line":273,"column":2},"end":{"line":273,"column":15}},"loc":{"start":{"line":273,"column":78},"end":{"line":276,"column":3}}},"43":{"name":"(anonymous_43)","decl":{"start":{"line":277,"column":2},"end":{"line":277,"column":14}},"loc":{"start":{"line":277,"column":14},"end":{"line":279,"column":3}}},"44":{"name":"(anonymous_44)","decl":{"start":{"line":280,"column":2},"end":{"line":280,"column":8}},"loc":{"start":{"line":280,"column":8},"end":{"line":282,"column":3}}},"45":{"name":"(anonymous_45)","decl":{"start":{"line":289,"column":2},"end":{"line":289,"column":9}},"loc":{"start":{"line":291,"column":32},"end":{"line":294,"column":3}}},"46":{"name":"(anonymous_46)","decl":{"start":{"line":296,"column":2},"end":{"line":296,"column":8}},"loc":{"start":{"line":296,"column":8},"end":{"line":298,"column":3}}},"47":{"name":"(anonymous_47)","decl":{"start":{"line":300,"column":2},"end":{"line":300,"column":8}},"loc":{"start":{"line":300,"column":14},"end":{"line":302,"column":3}}},"48":{"name":"(anonymous_48)","decl":{"start":{"line":330,"column":2},"end":{"line":330,"column":7}},"loc":{"start":{"line":330,"column":7},"end":{"line":341,"column":3}}}},"branchMap":{"0":{"loc":{"start":{"line":116,"column":37},"end":{"line":116,"column":41}},"type":"cond-expr","locations":[{"start":{"line":116,"column":37},"end":{"line":116,"column":41}},{"start":{"line":116,"column":41},"end":{"line":116,"column":42}}]},"1":{"loc":{"start":{"line":116,"column":9},"end":{"line":116,"column":41}},"type":"binary-expr","locations":[{"start":{"line":116,"column":9},"end":{"line":116,"column":41}},{"start":{"line":116,"column":37},"end":{"line":116,"column":41}}]},"2":{"loc":{"start":{"line":116,"column":16},"end":{"line":116,"column":18}},"type":"cond-expr","locations":[{"start":{"line":116,"column":16},"end":{"line":116,"column":18}},{"start":{"line":116,"column":10},"end":{"line":116,"column":37}}]},"3":{"loc":{"start":{"line":116,"column":10},"end":{"line":116,"column":18}},"type":"binary-expr","locations":[{"start":{"line":116,"column":10},"end":{"line":116,"column":18}},{"start":{"line":116,"column":10},"end":{"line":116,"column":18}}]},"4":{"loc":{"start":{"line":117,"column":58},"end":{"line":117,"column":62}},"type":"cond-expr","locations":[{"start":{"line":117,"column":58},"end":{"line":117,"column":62}},{"start":{"line":117,"column":62},"end":{"line":117,"column":63}}]},"5":{"loc":{"start":{"line":117,"column":28},"end":{"line":117,"column":62}},"type":"binary-expr","locations":[{"start":{"line":117,"column":28},"end":{"line":117,"column":62}},{"start":{"line":117,"column":58},"end":{"line":117,"column":62}}]},"6":{"loc":{"start":{"line":117,"column":37},"end":{"line":117,"column":39}},"type":"cond-expr","locations":[{"start":{"line":117,"column":37},"end":{"line":117,"column":39}},{"start":{"line":117,"column":31},"end":{"line":117,"column":58}}]},"7":{"loc":{"start":{"line":117,"column":31},"end":{"line":117,"column":39}},"type":"binary-expr","locations":[{"start":{"line":117,"column":31},"end":{"line":117,"column":39}},{"start":{"line":117,"column":31},"end":{"line":117,"column":39}}]},"8":{"loc":{"start":{"line":332,"column":4},"end":{"line":334,"column":null}},"type":"if","locations":[{"start":{"line":332,"column":4},"end":{"line":334,"column":null}},{"start":{"line":332,"column":4},"end":{"line":334,"column":null}}]}},"s":{"0":0,"1":0,"2":2,"3":0,"4":0,"5":2,"6":35,"7":12,"8":12,"9":16,"10":16,"11":12,"12":12,"13":12,"14":9,"15":9,"16":17,"17":17,"18":9,"19":9,"20":9,"21":9,"22":9,"23":9,"24":12,"25":9,"26":3,"27":3,"28":1,"29":2,"30":30,"31":30,"32":30,"33":2,"34":30,"35":1,"36":1,"37":1,"38":1,"39":0,"40":0,"41":0,"42":0,"43":0,"44":0,"45":0,"46":0,"47":0,"48":0,"49":1,"50":1,"51":0,"52":0,"53":3,"54":3,"55":3,"56":1,"57":1,"58":2,"59":2,"60":0,"61":0,"62":0,"63":1,"64":1,"65":5,"66":5,"67":0,"68":0,"69":0,"70":0,"71":0,"72":1,"73":1,"74":1,"75":1,"76":1,"77":1,"78":0,"79":0,"80":0,"81":12,"82":12,"83":12,"84":12,"85":0,"86":12,"87":12,"88":18,"89":18,"90":12,"91":2},"f":{"0":0,"1":0,"2":35,"3":12,"4":16,"5":9,"6":17,"7":9,"8":3,"9":1,"10":30,"11":2,"12":1,"13":1,"14":0,"15":0,"16":0,"17":0,"18":0,"19":0,"20":0,"21":0,"22":0,"23":0,"24":1,"25":0,"26":0,"27":3,"28":1,"29":2,"30":0,"31":0,"32":0,"33":1,"34":5,"35":0,"36":0,"37":0,"38":0,"39":0,"40":1,"41":1,"42":1,"43":0,"44":0,"45":0,"46":12,"47":12,"48":12},"b":{"0":[18,12],"1":[30,30],"2":[12,18],"3":[30,30],"4":[18,12],"5":[30,30],"6":[12,18],"7":[30,30],"8":[0,12]}}
}
