TN:
SF:src\documentManager.ts
FN:16,(anonymous_0)
FN:18,(anonymous_1)
FN:27,(anonymous_2)
FN:31,(anonymous_3)
FN:39,(anonymous_4)
FN:43,(anonymous_5)
FN:51,(anonymous_6)
FN:55,(anonymous_7)
FN:65,(anonymous_8)
FN:74,(anonymous_9)
FN:88,(anonymous_10)
FN:102,(anonymous_11)
FN:106,(anonymous_12)
FN:110,(anonymous_13)
FN:121,(anonymous_14)
FN:124,(anonymous_15)
FN:128,(anonymous_16)
FN:132,(anonymous_17)
FN:136,(anonymous_18)
FN:150,(anonymous_19)
FN:164,(anonymous_20)
FN:168,(anonymous_21)
FNF:22
FNH:0
FNDA:0,(anonymous_0)
FNDA:0,(anonymous_1)
FNDA:0,(anonymous_2)
FNDA:0,(anonymous_3)
FNDA:0,(anonymous_4)
FNDA:0,(anonymous_5)
FNDA:0,(anonymous_6)
FNDA:0,(anonymous_7)
FNDA:0,(anonymous_8)
FNDA:0,(anonymous_9)
FNDA:0,(anonymous_10)
FNDA:0,(anonymous_11)
FNDA:0,(anonymous_12)
FNDA:0,(anonymous_13)
FNDA:0,(anonymous_14)
FNDA:0,(anonymous_15)
FNDA:0,(anonymous_16)
FNDA:0,(anonymous_17)
FNDA:0,(anonymous_18)
FNDA:0,(anonymous_19)
FNDA:0,(anonymous_20)
FNDA:0,(anonymous_21)
DA:1,3
DA:15,3
DA:16,0
DA:19,0
DA:20,0
DA:21,0
DA:22,0
DA:23,0
DA:24,0
DA:28,0
DA:32,0
DA:33,0
DA:34,0
DA:36,0
DA:40,0
DA:44,0
DA:45,0
DA:46,0
DA:48,0
DA:52,0
DA:57,0
DA:60,0
DA:62,0
DA:70,0
DA:71,0
DA:75,0
DA:76,0
DA:77,0
DA:78,0
DA:79,0
DA:82,0
DA:84,0
DA:94,0
DA:99,0
DA:103,0
DA:107,0
DA:111,0
DA:113,0
DA:114,0
DA:116,0
DA:118,0
DA:119,0
DA:122,0
DA:125,0
DA:129,0
DA:133,0
DA:143,0
DA:144,0
DA:145,0
DA:147,0
DA:157,0
DA:158,0
DA:159,0
DA:161,0
DA:165,0
DA:169,0
DA:170,0
DA:171,0
DA:172,0
LF:59
LH:2
BRDA:45,0,0,0
BRDA:45,0,1,0
BRDA:45,1,0,0
BRDA:45,1,1,0
BRDA:75,2,0,0
BRDA:75,2,1,0
BRDA:79,3,0,0
BRDA:79,3,1,0
BRDA:79,4,0,0
BRDA:79,4,1,0
BRDA:84,5,0,0
BRDA:84,5,1,0
BRDA:84,6,0,0
BRDA:84,6,1,0
BRDA:111,7,0,0
BRDA:111,7,1,0
BRDA:113,8,0,0
BRDA:113,8,1,0
BRDA:118,9,0,0
BRDA:118,9,1,0
BRDA:144,10,0,0
BRDA:144,10,1,0
BRDA:158,11,0,0
BRDA:158,11,1,0
BRF:24
BRH:0
end_of_record
TN:
SF:src\index.ts
FN:2,(anonymous_0)
FN:2,(anonymous_1)
FN:3,(anonymous_2)
FNF:3
FNH:2
FNDA:3,(anonymous_0)
FNDA:5,(anonymous_1)
FNDA:0,(anonymous_2)
DA:2,8
DA:3,3
LF:2
LH:2
BRF:0
BRH:0
end_of_record
TN:
SF:src\typeSafeAggregate.ts
FN:858,tableName
FN:861,isPossiblyTableName
FN:870,(anonymous_2)
FN:872,(anonymous_3)
FN:875,(anonymous_4)
FN:880,(anonymous_5)
FN:890,(anonymous_6)
FN:913,(anonymous_7)
FN:918,(anonymous_8)
FN:929,(anonymous_9)
FN:944,(anonymous_10)
FN:957,(anonymous_11)
FN:964,(anonymous_12)
FN:969,(anonymous_13)
FN:1013,(anonymous_14)
FN:1018,(anonymous_15)
FN:1047,(anonymous_16)
FN:1052,(anonymous_17)
FN:1059,(anonymous_18)
FN:1067,(anonymous_19)
FN:1073,(anonymous_20)
FN:1080,(anonymous_21)
FN:1084,(anonymous_22)
FN:1089,(anonymous_23)
FN:1093,(anonymous_24)
FN:1098,(anonymous_25)
FN:1103,(anonymous_26)
FN:1110,(anonymous_27)
FN:1131,(anonymous_28)
FN:1136,(anonymous_29)
FN:1147,(anonymous_30)
FN:1157,(anonymous_31)
FN:1163,(anonymous_32)
FN:1169,safeKeys
FNF:34
FNH:34
FNDA:26,tableName
FNDA:2,isPossiblyTableName
FNDA:279,(anonymous_2)
FNDA:109,(anonymous_3)
FNDA:12,(anonymous_4)
FNDA:2,(anonymous_5)
FNDA:3,(anonymous_6)
FNDA:1,(anonymous_7)
FNDA:1,(anonymous_8)
FNDA:1,(anonymous_9)
FNDA:6,(anonymous_10)
FNDA:16,(anonymous_11)
FNDA:2,(anonymous_12)
FNDA:11,(anonymous_13)
FNDA:11,(anonymous_14)
FNDA:6,(anonymous_15)
FNDA:1,(anonymous_16)
FNDA:56,(anonymous_17)
FNDA:1,(anonymous_18)
FNDA:2,(anonymous_19)
FNDA:2,(anonymous_20)
FNDA:1,(anonymous_21)
FNDA:1,(anonymous_22)
FNDA:2,(anonymous_23)
FNDA:2,(anonymous_24)
FNDA:6,(anonymous_25)
FNDA:2,(anonymous_26)
FNDA:2,(anonymous_27)
FNDA:1,(anonymous_28)
FNDA:13,(anonymous_29)
FNDA:221,(anonymous_30)
FNDA:108,(anonymous_31)
FNDA:1,(anonymous_32)
FNDA:1,safeKeys
DA:858,7
DA:859,26
DA:861,7
DA:862,2
DA:867,7
DA:870,279
DA:873,109
DA:876,12
DA:877,12
DA:886,2
DA:887,2
DA:909,3
DA:910,3
DA:914,1
DA:915,1
DA:921,1
DA:923,1
DA:924,2
DA:927,1
DA:941,1
DA:942,1
DA:953,6
DA:954,6
DA:960,16
DA:961,16
DA:965,2
DA:966,2
DA:989,11
DA:1003,11
DA:1014,11
DA:1015,11
DA:1039,6
DA:1040,2
DA:1042,4
DA:1044,6
DA:1048,1
DA:1049,1
DA:1055,56
DA:1056,56
DA:1064,1
DA:1065,1
DA:1070,2
DA:1071,2
DA:1076,2
DA:1077,2
DA:1081,1
DA:1082,1
DA:1085,1
DA:1086,1
DA:1090,2
DA:1091,2
DA:1094,2
DA:1095,2
DA:1099,6
DA:1100,6
DA:1106,2
DA:1107,2
DA:1118,2
DA:1119,1
DA:1121,1
DA:1128,2
DA:1132,1
DA:1133,1
DA:1141,13
DA:1142,13
DA:1148,221
DA:1149,221
DA:1150,221
DA:1151,290
DA:1152,290
DA:1154,221
DA:1158,108
DA:1160,108
DA:1164,1
DA:1166,1
DA:1170,1
LF:76
LH:76
BRDA:997,0,0,1
BRDA:997,0,1,10
BRDA:1039,1,0,2
BRDA:1039,1,1,4
BRDA:1039,2,0,6
BRDA:1039,2,1,3
BRDA:1118,3,0,1
BRDA:1118,3,1,1
BRF:8
BRH:8
end_of_record
