TN:
SF:src\documentManager.ts
FN:16,(anonymous_0)
FN:18,(anonymous_1)
FN:27,(anonymous_2)
FN:31,(anonymous_3)
FN:39,(anonymous_4)
FN:43,(anonymous_5)
FN:51,(anonymous_6)
FN:55,(anonymous_7)
FN:65,(anonymous_8)
FN:74,(anonymous_9)
FN:88,(anonymous_10)
FN:102,(anonymous_11)
FN:106,(anonymous_12)
FN:110,(anonymous_13)
FN:121,(anonymous_14)
FN:124,(anonymous_15)
FN:128,(anonymous_16)
FN:132,(anonymous_17)
FN:136,(anonymous_18)
FN:150,(anonymous_19)
FN:164,(anonymous_20)
FN:168,(anonymous_21)
FNF:22
FNH:0
FNDA:0,(anonymous_0)
FNDA:0,(anonymous_1)
FNDA:0,(anonymous_2)
FNDA:0,(anonymous_3)
FNDA:0,(anonymous_4)
FNDA:0,(anonymous_5)
FNDA:0,(anonymous_6)
FNDA:0,(anonymous_7)
FNDA:0,(anonymous_8)
FNDA:0,(anonymous_9)
FNDA:0,(anonymous_10)
FNDA:0,(anonymous_11)
FNDA:0,(anonymous_12)
FNDA:0,(anonymous_13)
FNDA:0,(anonymous_14)
FNDA:0,(anonymous_15)
FNDA:0,(anonymous_16)
FNDA:0,(anonymous_17)
FNDA:0,(anonymous_18)
FNDA:0,(anonymous_19)
FNDA:0,(anonymous_20)
FNDA:0,(anonymous_21)
DA:1,3
DA:15,3
DA:16,0
DA:19,0
DA:20,0
DA:21,0
DA:22,0
DA:23,0
DA:24,0
DA:28,0
DA:32,0
DA:33,0
DA:34,0
DA:36,0
DA:40,0
DA:44,0
DA:45,0
DA:46,0
DA:48,0
DA:52,0
DA:57,0
DA:60,0
DA:62,0
DA:70,0
DA:71,0
DA:75,0
DA:76,0
DA:77,0
DA:78,0
DA:79,0
DA:82,0
DA:84,0
DA:94,0
DA:99,0
DA:103,0
DA:107,0
DA:111,0
DA:113,0
DA:114,0
DA:116,0
DA:118,0
DA:119,0
DA:122,0
DA:125,0
DA:129,0
DA:133,0
DA:143,0
DA:144,0
DA:145,0
DA:147,0
DA:157,0
DA:158,0
DA:159,0
DA:161,0
DA:165,0
DA:169,0
DA:170,0
DA:171,0
DA:172,0
LF:59
LH:2
BRDA:45,0,0,0
BRDA:45,0,1,0
BRDA:45,1,0,0
BRDA:45,1,1,0
BRDA:75,2,0,0
BRDA:75,2,1,0
BRDA:79,3,0,0
BRDA:79,3,1,0
BRDA:79,4,0,0
BRDA:79,4,1,0
BRDA:84,5,0,0
BRDA:84,5,1,0
BRDA:84,6,0,0
BRDA:84,6,1,0
BRDA:111,7,0,0
BRDA:111,7,1,0
BRDA:113,8,0,0
BRDA:113,8,1,0
BRDA:118,9,0,0
BRDA:118,9,1,0
BRDA:144,10,0,0
BRDA:144,10,1,0
BRDA:158,11,0,0
BRDA:158,11,1,0
BRF:24
BRH:0
end_of_record
TN:
SF:src\index.ts
FN:2,(anonymous_0)
FN:2,(anonymous_1)
FN:3,(anonymous_2)
FNF:3
FNH:2
FNDA:3,(anonymous_0)
FNDA:5,(anonymous_1)
FNDA:0,(anonymous_2)
DA:2,8
DA:3,3
LF:2
LH:2
BRF:0
BRH:0
end_of_record
TN:
SF:src\typeSafeAggregate.ts
FN:1047,tableName
FN:1050,isPossiblyTableName
FN:1060,(anonymous_2)
FN:1062,(anonymous_3)
FN:1065,(anonymous_4)
FN:1070,(anonymous_5)
FN:1080,(anonymous_6)
FN:1103,(anonymous_7)
FN:1108,(anonymous_8)
FN:1119,(anonymous_9)
FN:1134,(anonymous_10)
FN:1147,(anonymous_11)
FN:1154,(anonymous_12)
FN:1159,(anonymous_13)
FN:1203,(anonymous_14)
FN:1208,(anonymous_15)
FN:1237,(anonymous_16)
FN:1242,(anonymous_17)
FN:1249,(anonymous_18)
FN:1261,(anonymous_19)
FN:1267,(anonymous_20)
FN:1274,(anonymous_21)
FN:1278,(anonymous_22)
FN:1283,(anonymous_23)
FN:1287,(anonymous_24)
FN:1292,(anonymous_25)
FN:1297,(anonymous_26)
FN:1304,(anonymous_27)
FN:1325,(anonymous_28)
FN:1330,(anonymous_29)
FN:1341,(anonymous_30)
FN:1351,(anonymous_31)
FN:1357,(anonymous_32)
FN:1363,safeKeys
FNF:34
FNH:34
FNDA:26,tableName
FNDA:2,isPossiblyTableName
FNDA:310,(anonymous_2)
FNDA:124,(anonymous_3)
FNDA:12,(anonymous_4)
FNDA:2,(anonymous_5)
FNDA:3,(anonymous_6)
FNDA:1,(anonymous_7)
FNDA:1,(anonymous_8)
FNDA:1,(anonymous_9)
FNDA:6,(anonymous_10)
FNDA:17,(anonymous_11)
FNDA:2,(anonymous_12)
FNDA:11,(anonymous_13)
FNDA:11,(anonymous_14)
FNDA:6,(anonymous_15)
FNDA:1,(anonymous_16)
FNDA:71,(anonymous_17)
FNDA:1,(anonymous_18)
FNDA:2,(anonymous_19)
FNDA:2,(anonymous_20)
FNDA:1,(anonymous_21)
FNDA:1,(anonymous_22)
FNDA:2,(anonymous_23)
FNDA:2,(anonymous_24)
FNDA:6,(anonymous_25)
FNDA:2,(anonymous_26)
FNDA:2,(anonymous_27)
FNDA:1,(anonymous_28)
FNDA:13,(anonymous_29)
FNDA:251,(anonymous_30)
FNDA:123,(anonymous_31)
FNDA:1,(anonymous_32)
FNDA:1,safeKeys
DA:1047,7
DA:1048,26
DA:1050,7
DA:1051,2
DA:1057,7
DA:1060,310
DA:1063,124
DA:1066,12
DA:1067,12
DA:1076,2
DA:1077,2
DA:1099,3
DA:1100,3
DA:1104,1
DA:1105,1
DA:1111,1
DA:1113,1
DA:1114,2
DA:1117,1
DA:1131,1
DA:1132,1
DA:1143,6
DA:1144,6
DA:1150,17
DA:1151,17
DA:1155,2
DA:1156,2
DA:1179,11
DA:1193,11
DA:1204,11
DA:1205,11
DA:1229,6
DA:1230,2
DA:1232,4
DA:1234,6
DA:1238,1
DA:1239,1
DA:1245,71
DA:1246,71
DA:1257,1
DA:1258,1
DA:1264,2
DA:1265,2
DA:1270,2
DA:1271,2
DA:1275,1
DA:1276,1
DA:1279,1
DA:1280,1
DA:1284,2
DA:1285,2
DA:1288,2
DA:1289,2
DA:1293,6
DA:1294,6
DA:1300,2
DA:1301,2
DA:1312,2
DA:1313,1
DA:1315,1
DA:1322,2
DA:1326,1
DA:1327,1
DA:1335,13
DA:1336,13
DA:1342,251
DA:1343,251
DA:1344,251
DA:1345,322
DA:1346,322
DA:1348,251
DA:1352,123
DA:1354,123
DA:1358,1
DA:1360,1
DA:1364,1
LF:76
LH:76
BRDA:1187,0,0,1
BRDA:1187,0,1,10
BRDA:1229,1,0,2
BRDA:1229,1,1,4
BRDA:1229,2,0,6
BRDA:1229,2,1,3
BRDA:1312,3,0,1
BRDA:1312,3,1,1
BRF:8
BRH:8
end_of_record
